<?xml version="1.0" encoding="UTF-8"?>
<testng-results ignored="0" total="4" passed="4" failed="0" skipped="0">
  <reporter-output>
  </reporter-output>
  <suite started-at="2024-01-02T11:03:17 IST" name="SuiteC" finished-at="2024-01-02T11:03:26 IST" duration-ms="8542">
    <groups>
      <group name="browserGroup1">
        <method signature="TestC.testC(java.lang.String,java.lang.String,java.lang.String)[pri:0, instance:suiteC.TestC@79b06cab]" name="testC" class="suiteC.TestC"/>
      </group> <!-- browserGroup1 -->
      <group name="browserGroup2">
        <method signature="TestCC.testCC(java.lang.String,java.lang.String,java.lang.String)[pri:0, instance:suiteC.TestCC@3d51f06e]" name="testCC" class="suiteC.TestCC"/>
      </group> <!-- browserGroup2 -->
      <group name="smoke">
        <method signature="TestCC.testCC(java.lang.String,java.lang.String,java.lang.String)[pri:0, instance:suiteC.TestCC@3d51f06e]" name="testCC" class="suiteC.TestCC"/>
      </group> <!-- smoke -->
      <group name="sanity">
        <method signature="TestC.testC(java.lang.String,java.lang.String,java.lang.String)[pri:0, instance:suiteC.TestC@79b06cab]" name="testC" class="suiteC.TestC"/>
      </group> <!-- sanity -->
    </groups>
    <test started-at="2024-01-02T11:03:17 IST" name="TestC" finished-at="2024-01-02T11:03:22 IST" duration-ms="4451">
      <class name="suiteC.TestC">
        <test-method is-config="true" signature="init(org.testng.ITestContext,org.testng.ITestResult)[pri:0, instance:suiteC.TestC@79b06cab]" started-at="2024-01-02T11:03:17 IST" name="init" finished-at="2024-01-02T11:03:18 IST" duration-ms="157" status="PASS">
          <params>
            <param index="0">
              <value>
                <![CDATA[org.testng.TestRunner@485a3466]]>
              </value>
            </param>
            <param index="1">
              <value>
                <![CDATA[[TestResult name={null} status=CREATED method=TestC.testC(java.lang.String,java.lang.String,java.lang.String)[pri:0, instance:suiteC.TestC@79b06cab] output={null}]]]>
              </value>
            </param>
          </params>
          <reporter-output>
          </reporter-output>
        </test-method> <!-- init -->
        <test-method signature="testC(java.lang.String,java.lang.String,java.lang.String)[pri:0, instance:suiteC.TestC@79b06cab]" started-at="2024-01-02T11:03:18 IST" name="testC" data-provider="datasuiteC" finished-at="2024-01-02T11:03:20 IST" duration-ms="2013" status="PASS">
          <params>
            <param index="0">
              <value>
                <![CDATA[mozilla]]>
              </value>
            </param>
            <param index="1">
              <value>
                <![CDATA[U1]]>
              </value>
            </param>
            <param index="2">
              <value>
                <![CDATA[P1]]>
              </value>
            </param>
          </params>
          <reporter-output>
          </reporter-output>
        </test-method> <!-- testC -->
        <test-method is-config="true" signature="quit()[pri:0, instance:suiteC.TestC@79b06cab]" started-at="2024-01-02T11:03:20 IST" name="quit" finished-at="2024-01-02T11:03:20 IST" duration-ms="208" status="PASS">
          <reporter-output>
          </reporter-output>
        </test-method> <!-- quit -->
        <test-method signature="testC(java.lang.String,java.lang.String,java.lang.String)[pri:0, instance:suiteC.TestC@79b06cab]" started-at="2024-01-02T11:03:20 IST" name="testC" data-provider="datasuiteC" finished-at="2024-01-02T11:03:22 IST" duration-ms="2016" status="PASS">
          <params>
            <param index="0">
              <value>
                <![CDATA[chrome]]>
              </value>
            </param>
            <param index="1">
              <value>
                <![CDATA[U1]]>
              </value>
            </param>
            <param index="2">
              <value>
                <![CDATA[P1]]>
              </value>
            </param>
          </params>
          <reporter-output>
          </reporter-output>
        </test-method> <!-- testC -->
        <test-method is-config="true" signature="init(org.testng.ITestContext,org.testng.ITestResult)[pri:0, instance:suiteC.TestC@79b06cab]" started-at="2024-01-02T11:03:20 IST" name="init" finished-at="2024-01-02T11:03:20 IST" duration-ms="0" status="PASS">
          <params>
            <param index="0">
              <value>
                <![CDATA[org.testng.TestRunner@485a3466]]>
              </value>
            </param>
            <param index="1">
              <value>
                <![CDATA[[TestResult name={null} status=CREATED method=TestC.testC(java.lang.String,java.lang.String,java.lang.String)[pri:0, instance:suiteC.TestC@79b06cab] output={null}]]]>
              </value>
            </param>
          </params>
          <reporter-output>
          </reporter-output>
        </test-method> <!-- init -->
        <test-method is-config="true" signature="quit()[pri:0, instance:suiteC.TestC@79b06cab]" started-at="2024-01-02T11:03:22 IST" name="quit" finished-at="2024-01-02T11:03:22 IST" duration-ms="22" status="PASS">
          <reporter-output>
          </reporter-output>
        </test-method> <!-- quit -->
      </class> <!-- suiteC.TestC -->
    </test> <!-- TestC -->
    <test started-at="2024-01-02T11:03:22 IST" name="TestCC" finished-at="2024-01-02T11:03:26 IST" duration-ms="4079">
      <class name="suiteC.TestCC">
        <test-method is-config="true" signature="init(org.testng.ITestContext,org.testng.ITestResult)[pri:0, instance:suiteC.TestCC@3d51f06e]" started-at="2024-01-02T11:03:22 IST" name="init" finished-at="2024-01-02T11:03:22 IST" duration-ms="0" status="PASS">
          <params>
            <param index="0">
              <value>
                <![CDATA[org.testng.TestRunner@5ad10c1a]]>
              </value>
            </param>
            <param index="1">
              <value>
                <![CDATA[[TestResult name={null} status=CREATED method=TestCC.testCC(java.lang.String,java.lang.String,java.lang.String)[pri:0, instance:suiteC.TestCC@3d51f06e] output={null}]]]>
              </value>
            </param>
          </params>
          <reporter-output>
          </reporter-output>
        </test-method> <!-- init -->
        <test-method signature="testCC(java.lang.String,java.lang.String,java.lang.String)[pri:0, instance:suiteC.TestCC@3d51f06e]" started-at="2024-01-02T11:03:22 IST" name="testCC" data-provider="datasuiteC" finished-at="2024-01-02T11:03:24 IST" duration-ms="2007" status="PASS">
          <params>
            <param index="0">
              <value is-null="true"/>
            </param>
            <param index="1">
              <value>
                <![CDATA[U1]]>
              </value>
            </param>
            <param index="2">
              <value>
                <![CDATA[P1]]>
              </value>
            </param>
          </params>
          <reporter-output>
          </reporter-output>
        </test-method> <!-- testCC -->
        <test-method is-config="true" signature="quit()[pri:0, instance:suiteC.TestCC@3d51f06e]" started-at="2024-01-02T11:03:24 IST" name="quit" finished-at="2024-01-02T11:03:24 IST" duration-ms="21" status="PASS">
          <reporter-output>
          </reporter-output>
        </test-method> <!-- quit -->
        <test-method is-config="true" signature="init(org.testng.ITestContext,org.testng.ITestResult)[pri:0, instance:suiteC.TestCC@3d51f06e]" started-at="2024-01-02T11:03:24 IST" name="init" finished-at="2024-01-02T11:03:24 IST" duration-ms="1" status="PASS">
          <params>
            <param index="0">
              <value>
                <![CDATA[org.testng.TestRunner@5ad10c1a]]>
              </value>
            </param>
            <param index="1">
              <value>
                <![CDATA[[TestResult name={null} status=CREATED method=TestCC.testCC(java.lang.String,java.lang.String,java.lang.String)[pri:0, instance:suiteC.TestCC@3d51f06e] output={null}]]]>
              </value>
            </param>
          </params>
          <reporter-output>
          </reporter-output>
        </test-method> <!-- init -->
        <test-method signature="testCC(java.lang.String,java.lang.String,java.lang.String)[pri:0, instance:suiteC.TestCC@3d51f06e]" started-at="2024-01-02T11:03:24 IST" name="testCC" data-provider="datasuiteC" finished-at="2024-01-02T11:03:26 IST" duration-ms="2014" status="PASS">
          <params>
            <param index="0">
              <value>
                <![CDATA[chrome]]>
              </value>
            </param>
            <param index="1">
              <value>
                <![CDATA[U1]]>
              </value>
            </param>
            <param index="2">
              <value>
                <![CDATA[P1]]>
              </value>
            </param>
          </params>
          <reporter-output>
          </reporter-output>
        </test-method> <!-- testCC -->
        <test-method is-config="true" signature="quit()[pri:0, instance:suiteC.TestCC@3d51f06e]" started-at="2024-01-02T11:03:26 IST" name="quit" finished-at="2024-01-02T11:03:26 IST" duration-ms="28" status="PASS">
          <reporter-output>
          </reporter-output>
        </test-method> <!-- quit -->
      </class> <!-- suiteC.TestCC -->
    </test> <!-- TestCC -->
  </suite> <!-- SuiteC -->
</testng-results>
