<?xml version="1.0" encoding="UTF-8"?>
<!-- Generated by org.testng.reporters.JUnitXMLReporter -->
<testsuite ignored="0" hostname="RAMKUMAR" failures="2" tests="2" name="TestA" time="4.418" errors="0" timestamp="2024-01-02T10:54:23 IST">
  <testcase classname="suiteA.TestA" name="testA" time="2.012">
    <failure type="java.lang.AssertionError" message="The following asserts failed:
	Title Do not match,
	Failing and stopping the test case">
      <![CDATA[java.lang.AssertionError: The following asserts failed:
Title Do not match,
Failing and stopping the test case
at testSuiteBase.testbase.failandstoptest(testbase.java:67)
at suiteA.TestA.testA(TestA.java:29)
at java.base/java.util.ArrayList.forEach(ArrayList.java:1511)
... Removed 28 stack frames]]>
    </failure>
  </testcase> <!-- testA -->
  <testcase classname="suiteA.TestA" name="testA" time="2.004">
    <failure type="java.lang.AssertionError" message="The following asserts failed:
	Title Do not match,
	Failing and stopping the test case">
      <![CDATA[java.lang.AssertionError: The following asserts failed:
Title Do not match,
Failing and stopping the test case
at testSuiteBase.testbase.failandstoptest(testbase.java:67)
at suiteA.TestA.testA(TestA.java:29)
at java.base/java.util.ArrayList.forEach(ArrayList.java:1511)
... Removed 28 stack frames]]>
    </failure>
  </testcase> <!-- testA -->
</testsuite> <!-- TestA -->
